Sencha Cmd 6.7.0.63 - Crash report
================================================
An error occurred while executing the following command: phonegap init

Diagnostic information:
=======================
                      app.bootstrap.base : C:\dev_tools\workspace\invoiceapp\build\production\InvoiceApp
                        app.cache.deltas : deltas                                            
                        app.cache.enable : false                                             
                          app.compressor : null                                              
                          app.config.dir : C:\Users\rc9qrjm\bin\Sencha\Cmd\6.7.0.63\ant\build\app
                app.cordova.cache.enable : false                                             
                   app.cordova.config.id : com.domain.${app.name}                            
                 app.cordova.config.name : ${app.name}                                       
                 app.cordova.config.path : C:\dev_tools\workspace\invoiceapp\build\production\InvoiceApp/cordova
               app.cordova.config.target :                                                   
              app.cordova.config.verbose : false                                             
                   app.cordova.js.0.path : cordova.js                                        
               app.cordova.js.0.priority : 1000                                              
                 app.cordova.js.0.remote : true                                              
                   app.cordova.js.length : 1                                                 
                 app.cordova.microloader : C:\Users\rc9qrjm\bin\Sencha\Cmd\6.7.0.63\ant\build\app/Microloader.js
      app.cordova.output.appCache.enable : false                                             
                 app.cordova.output.base : C:\dev_tools\workspace\invoiceapp\build\production\InvoiceApp/cordova/www
             app.cordova.output.manifest : ${build.id}.json                                  
                 app.cordova.output.page : index.html                                        
                                 app.dir : C:\dev_tools\workspace\invoiceapp\build\production\InvoiceApp
              app.fashion.inliner.enable : false                                             
                                app.hash : 9632954238e155587c34942398b1dd4ad024efe7          
                                  app.id : 5cd419ad-c900-42ea-a9df-5ea60e29fb11              
                       app.indexHtmlPath : index.html                                        
              app.output.appCache.enable : false                                             
                         app.output.base : C:\dev_tools\workspace\invoiceapp/build/${build.environment}/${app.name}
           app.output.microloader.enable : true                                              
               app.phonegap.cache.enable : false                                             
                  app.phonegap.config.id : com.domain.${app.name}                            
                app.phonegap.config.name : ${app.name}                                       
                app.phonegap.config.path : C:\dev_tools\workspace\invoiceapp\build\production\InvoiceApp/phonegap
              app.phonegap.config.remote : false                                             
             app.phonegap.config.verbose : false                                             
                  app.phonegap.js.0.path : cordova.js                                        
              app.phonegap.js.0.priority : 1000                                              
                app.phonegap.js.0.remote : true                                              
                  app.phonegap.js.length : 1                                                 
                app.phonegap.microloader : C:\Users\rc9qrjm\bin\Sencha\Cmd\6.7.0.63\ant\build\app/Microloader.js
     app.phonegap.output.appCache.enable : false                                             
                app.phonegap.output.base : C:\dev_tools\workspace\invoiceapp\build\production\InvoiceApp/phonegap/www
            app.phonegap.output.manifest : ${build.id}.json                                  
                app.phonegap.output.page : index.html                                        
             app.production.cache.enable : true                                              
          app.production.compressor.type : cmd                                               
                 app.slicer.cache.enable : false                                             
        app.slicer.js.0.isWidgetManifest : true                                              
                    app.slicer.js.0.path : C:\dev_tools\workspace\invoiceapp\build\production\InvoiceApp/sass/example/custom.js
                    app.slicer.js.length : 1                                                 
       app.slicer.output.appCache.enable : false                                             
                    buildenvironment.dir : C:\dev_tools\workspace\invoiceapp\build\production\InvoiceApp
               buildenvironment.load.dir : C:\dev_tools\workspace\invoiceapp\build\production\InvoiceApp
                          cmd.config.dir : C:\Users\rc9qrjm\bin\Sencha\Cmd\6.7.0.63          
                                 cmd.dir : C:\Users\rc9qrjm\bin\Sencha\Cmd\6.7.0.63          
              cmd.merge.tool.args.araxis : -wait -merge -3 -a1 {base} {user} {generated} {out}
              cmd.merge.tool.args.kdiff3 : {base} {user} {generated} -o {out}                
             cmd.merge.tool.args.p4merge : {base} {user} {generated} {out}                   
           cmd.merge.tool.args.smartsync : {user} {generated} {base}                         
          cmd.merge.tool.args.sourcegear : --merge --result={out} {user} {base} {generated}  
            cmd.merge.tool.args.tortoise : -base:{base} -theirs:{generated} -mine:{user} -merged:{out}
                              cmd.minver : 3.0.0.0                                           
                            cmd.platform : windows                                           
                     cmd.unicode.escapes : C:\Users\rc9qrjm\bin\Sencha\Cmd\6.7.0.63/unicode-escapes.json
                             cmd.version : 6.7.0.63                                          
                            cmd.web.port : 1841                                              
                       inspector.address : http://localhost:1839/                            
                          repo.local.dir : C:\Users\rc9qrjm\bin\Sencha\Cmd\repo              
                       shared.sencha.dir : true                                              
        system.java.net.useSystemProxies : true                                              
                     workspace.build.dir : C:\dev_tools\workspace\invoiceapp/build           
                    workspace.config.dir : C:\dev_tools\workspace\invoiceapp\.sencha\workspace
                           workspace.dir : C:\dev_tools\workspace\invoiceapp                 
         workspace.frameworks.touch.path : C:\dev_tools\workspace\invoiceapp\touch           
      workspace.frameworks.touch.version : 2.4.2.571                                         
                  workspace.packages.dir : C:\dev_tools\workspace\invoiceapp/packages/local,C:\dev_tools\workspace\invoiceapp/packages
              workspace.packages.extract : C:\dev_tools\workspace\invoiceapp/packages/remote 
                     workspace.theme.dir : C:\dev_tools\workspace\invoiceapp/packages/local,C:\dev_tools\workspace\invoiceapp/packages/${args.themeName}

Exception information:
=======================
C:\Users\rc9qrjm\bin\Sencha\Cmd\6.7.0.63\extensions\cmd-packager\cmd-packager.plugin.xml:39: The following error occurred while executing this line:
C:\Users\rc9qrjm\bin\Sencha\Cmd\6.7.0.63\extensions\cmd-packager\cmd-packager.plugin.xml:107: The following error occurred while executing this line:
jar:file:/C:/Users/rc9qrjm/bin/Sencha/Cmd/6.7.0.63/sencha.jar!/com/sencha/ant/antlib.xml:671: shellscript returned: 1
     at com.sencha.ant.AntScript.execute(AntScript.java:121)
     at com.sencha.command.plugin.PluginManager.execute(PluginManager.java:104)
     at com.sencha.command.plugin.PluginManager.execute(PluginManager.java:133)
     at com.sencha.command.ant.AntCommandFactory$1.execute(AntCommandFactory.java:51)
     at sun.reflect.NativeMethodAccessorImpl.invoke0(Native Method)
     at sun.reflect.NativeMethodAccessorImpl.invoke(Unknown Source)
     at sun.reflect.DelegatingMethodAccessorImpl.invoke(Unknown Source)
     at java.lang.reflect.Method.invoke(Unknown Source)
     at com.sencha.util.MethodInvoker$Arguments.invoke(MethodInvoker.java:175)
     at com.sencha.cli.Command.dispatch(Command.java:43)
     at com.sencha.cli.Commands.dispatch(Commands.java:64)
     at com.sencha.cli.Commands.dispatch(Commands.java:64)
     at com.sencha.command.Sencha.dispatch(Sencha.java:80)
     at com.sencha.command.Sencha.main(Sencha.java:151)
     at sun.reflect.NativeMethodAccessorImpl.invoke0(Native Method)
     at sun.reflect.NativeMethodAccessorImpl.invoke(Unknown Source)
     at sun.reflect.DelegatingMethodAccessorImpl.invoke(Unknown Source)
     at java.lang.reflect.Method.invoke(Unknown Source)
     at com.exe4j.runtime.LauncherEngine.launch(Unknown Source)
     at com.exe4j.runtime.WinLauncher.main(Unknown Source)
     at com.install4j.runtime.launcher.WinLauncher.main(Unknown Source)
   Caused by: The following error occurred while executing this line:
C:\Users\rc9qrjm\bin\Sencha\Cmd\6.7.0.63\extensions\cmd-packager\cmd-packager.plugin.xml:107: The following error occurred while executing this line:
jar:file:/C:/Users/rc9qrjm/bin/Sencha/Cmd/6.7.0.63/sencha.jar!/com/sencha/ant/antlib.xml:671: shellscript returned: 1
     at org.apache.tools.ant.ProjectHelper.addLocationToBuildException(ProjectHelper.java:551)
     at org.apache.tools.ant.taskdefs.Ant.execute(Ant.java:444)
     at org.apache.tools.ant.taskdefs.CallTarget.execute(CallTarget.java:105)
     at com.sencha.ant.CallTask.execute(CallTask.java:137)
     at org.apache.tools.ant.UnknownElement.execute(UnknownElement.java:291)
     at sun.reflect.NativeMethodAccessorImpl.invoke0(Native Method)
     at sun.reflect.NativeMethodAccessorImpl.invoke(Unknown Source)
     at sun.reflect.DelegatingMethodAccessorImpl.invoke(Unknown Source)
     at java.lang.reflect.Method.invoke(Unknown Source)
     at org.apache.tools.ant.dispatch.DispatchUtils.execute(DispatchUtils.java:106)
     at org.apache.tools.ant.Task.perform(Task.java:348)
     at org.apache.tools.ant.taskdefs.Sequential.execute(Sequential.java:68)
     at net.sf.antcontrib.logic.IfTask.execute(IfTask.java:217)
     at sun.reflect.NativeMethodAccessorImpl.invoke0(Native Method)
     at sun.reflect.NativeMethodAccessorImpl.invoke(Unknown Source)
     at sun.reflect.DelegatingMethodAccessorImpl.invoke(Unknown Source)
     at java.lang.reflect.Method.invoke(Unknown Source)
     at org.apache.tools.ant.dispatch.DispatchUtils.execute(DispatchUtils.java:106)
     at org.apache.tools.ant.TaskAdapter.execute(TaskAdapter.java:154)
     at org.apache.tools.ant.UnknownElement.execute(UnknownElement.java:291)
     at sun.reflect.NativeMethodAccessorImpl.invoke0(Native Method)
     at sun.reflect.NativeMethodAccessorImpl.invoke(Unknown Source)
     at sun.reflect.DelegatingMethodAccessorImpl.invoke(Unknown Source)
     at java.lang.reflect.Method.invoke(Unknown Source)
     at org.apache.tools.ant.dispatch.DispatchUtils.execute(DispatchUtils.java:106)
     at org.apache.tools.ant.Task.perform(Task.java:348)
     at org.apache.tools.ant.taskdefs.Sequential.execute(Sequential.java:68)
     at net.sf.antcontrib.logic.IfTask.execute(IfTask.java:217)
     at sun.reflect.NativeMethodAccessorImpl.invoke0(Native Method)
     at sun.reflect.NativeMethodAccessorImpl.invoke(Unknown Source)
     at sun.reflect.DelegatingMethodAccessorImpl.invoke(Unknown Source)
     at java.lang.reflect.Method.invoke(Unknown Source)
     at org.apache.tools.ant.dispatch.DispatchUtils.execute(DispatchUtils.java:106)
     at org.apache.tools.ant.TaskAdapter.execute(TaskAdapter.java:154)
     at org.apache.tools.ant.UnknownElement.execute(UnknownElement.java:291)
     at sun.reflect.NativeMethodAccessorImpl.invoke0(Native Method)
     at sun.reflect.NativeMethodAccessorImpl.invoke(Unknown Source)
     at sun.reflect.DelegatingMethodAccessorImpl.invoke(Unknown Source)
     at java.lang.reflect.Method.invoke(Unknown Source)
     at org.apache.tools.ant.dispatch.DispatchUtils.execute(DispatchUtils.java:106)
     at org.apache.tools.ant.Task.perform(Task.java:348)
     at org.apache.tools.ant.taskdefs.Sequential.execute(Sequential.java:68)
     at net.sf.antcontrib.logic.IfTask.execute(IfTask.java:197)
     at sun.reflect.NativeMethodAccessorImpl.invoke0(Native Method)
     at sun.reflect.NativeMethodAccessorImpl.invoke(Unknown Source)
     at sun.reflect.DelegatingMethodAccessorImpl.invoke(Unknown Source)
     at java.lang.reflect.Method.invoke(Unknown Source)
     at org.apache.tools.ant.dispatch.DispatchUtils.execute(DispatchUtils.java:106)
     at org.apache.tools.ant.TaskAdapter.execute(TaskAdapter.java:154)
     at org.apache.tools.ant.UnknownElement.execute(UnknownElement.java:291)
     at sun.reflect.NativeMethodAccessorImpl.invoke0(Native Method)
     at sun.reflect.NativeMethodAccessorImpl.invoke(Unknown Source)
     at sun.reflect.DelegatingMethodAccessorImpl.invoke(Unknown Source)
     at java.lang.reflect.Method.invoke(Unknown Source)
     at org.apache.tools.ant.dispatch.DispatchUtils.execute(DispatchUtils.java:106)
     at org.apache.tools.ant.Task.perform(Task.java:348)
     at org.apache.tools.ant.Target.execute(Target.java:392)
     at org.apache.tools.ant.Target.performTasks(Target.java:413)
     at org.apache.tools.ant.Project.executeSortedTargets(Project.java:1399)
     at org.apache.tools.ant.Project.executeTarget(Project.java:1368)
     at org.apache.tools.ant.helper.DefaultExecutor.executeTargets(DefaultExecutor.java:41)
     at org.apache.tools.ant.Project.executeTargets(Project.java:1251)
     at com.sencha.ant.AntScript.execute(AntScript.java:117)
     at com.sencha.command.plugin.PluginManager.execute(PluginManager.java:104)
     at com.sencha.command.plugin.PluginManager.execute(PluginManager.java:133)
     at com.sencha.command.ant.AntCommandFactory$1.execute(AntCommandFactory.java:51)
     at sun.reflect.NativeMethodAccessorImpl.invoke0(Native Method)
     at sun.reflect.NativeMethodAccessorImpl.invoke(Unknown Source)
     at sun.reflect.DelegatingMethodAccessorImpl.invoke(Unknown Source)
     at java.lang.reflect.Method.invoke(Unknown Source)
     at com.sencha.util.MethodInvoker$Arguments.invoke(MethodInvoker.java:175)
     at com.sencha.cli.Command.dispatch(Command.java:43)
     at com.sencha.cli.Commands.dispatch(Commands.java:64)
     at com.sencha.cli.Commands.dispatch(Commands.java:64)
     at com.sencha.command.Sencha.dispatch(Sencha.java:80)
     at com.sencha.command.Sencha.main(Sencha.java:151)
     at sun.reflect.NativeMethodAccessorImpl.invoke0(Native Method)
     at sun.reflect.NativeMethodAccessorImpl.invoke(Unknown Source)
     at sun.reflect.DelegatingMethodAccessorImpl.invoke(Unknown Source)
     at java.lang.reflect.Method.invoke(Unknown Source)
     at com.exe4j.runtime.LauncherEngine.launch(Unknown Source)
     at com.exe4j.runtime.WinLauncher.main(Unknown Source)
     at com.install4j.runtime.launcher.WinLauncher.main(Unknown Source)
   Caused by: The following error occurred while executing this line:
jar:file:/C:/Users/rc9qrjm/bin/Sencha/Cmd/6.7.0.63/sencha.jar!/com/sencha/ant/antlib.xml:671: shellscript returned: 1
     at org.apache.tools.ant.ProjectHelper.addLocationToBuildException(ProjectHelper.java:551)
     at org.apache.tools.ant.taskdefs.MacroInstance.execute(MacroInstance.java:401)
     at org.apache.tools.ant.UnknownElement.execute(UnknownElement.java:291)
     at sun.reflect.GeneratedMethodAccessor20.invoke(Unknown Source)
     at sun.reflect.DelegatingMethodAccessorImpl.invoke(Unknown Source)
     at java.lang.reflect.Method.invoke(Unknown Source)
     at org.apache.tools.ant.dispatch.DispatchUtils.execute(DispatchUtils.java:106)
     at org.apache.tools.ant.Task.perform(Task.java:348)
     at org.apache.tools.ant.Target.execute(Target.java:392)
     at org.apache.tools.ant.Target.performTasks(Target.java:413)
     at org.apache.tools.ant.Project.executeSortedTargets(Project.java:1399)
     at org.apache.tools.ant.helper.SingleCheckExecutor.executeTargets(SingleCheckExecutor.java:38)
     at org.apache.tools.ant.Project.executeTargets(Project.java:1251)
     at org.apache.tools.ant.taskdefs.Ant.execute(Ant.java:442)
     at org.apache.tools.ant.taskdefs.CallTarget.execute(CallTarget.java:105)
     at com.sencha.ant.CallTask.execute(CallTask.java:137)
     at org.apache.tools.ant.UnknownElement.execute(UnknownElement.java:291)
     at sun.reflect.NativeMethodAccessorImpl.invoke0(Native Method)
     at sun.reflect.NativeMethodAccessorImpl.invoke(Unknown Source)
     at sun.reflect.DelegatingMethodAccessorImpl.invoke(Unknown Source)
     at java.lang.reflect.Method.invoke(Unknown Source)
     at org.apache.tools.ant.dispatch.DispatchUtils.execute(DispatchUtils.java:106)
     at org.apache.tools.ant.Task.perform(Task.java:348)
     at org.apache.tools.ant.taskdefs.Sequential.execute(Sequential.java:68)
     at net.sf.antcontrib.logic.IfTask.execute(IfTask.java:217)
     at sun.reflect.NativeMethodAccessorImpl.invoke0(Native Method)
     at sun.reflect.NativeMethodAccessorImpl.invoke(Unknown Source)
     at sun.reflect.DelegatingMethodAccessorImpl.invoke(Unknown Source)
     at java.lang.reflect.Method.invoke(Unknown Source)
     at org.apache.tools.ant.dispatch.DispatchUtils.execute(DispatchUtils.java:106)
     at org.apache.tools.ant.TaskAdapter.execute(TaskAdapter.java:154)
     at org.apache.tools.ant.UnknownElement.execute(UnknownElement.java:291)
     at sun.reflect.NativeMethodAccessorImpl.invoke0(Native Method)
     at sun.reflect.NativeMethodAccessorImpl.invoke(Unknown Source)
     at sun.reflect.DelegatingMethodAccessorImpl.invoke(Unknown Source)
     at java.lang.reflect.Method.invoke(Unknown Source)
     at org.apache.tools.ant.dispatch.DispatchUtils.execute(DispatchUtils.java:106)
     at org.apache.tools.ant.Task.perform(Task.java:348)
     at org.apache.tools.ant.taskdefs.Sequential.execute(Sequential.java:68)
     at net.sf.antcontrib.logic.IfTask.execute(IfTask.java:217)
     at sun.reflect.NativeMethodAccessorImpl.invoke0(Native Method)
     at sun.reflect.NativeMethodAccessorImpl.invoke(Unknown Source)
     at sun.reflect.DelegatingMethodAccessorImpl.invoke(Unknown Source)
     at java.lang.reflect.Method.invoke(Unknown Source)
     at org.apache.tools.ant.dispatch.DispatchUtils.execute(DispatchUtils.java:106)
     at org.apache.tools.ant.TaskAdapter.execute(TaskAdapter.java:154)
     at org.apache.tools.ant.UnknownElement.execute(UnknownElement.java:291)
     at sun.reflect.NativeMethodAccessorImpl.invoke0(Native Method)
     at sun.reflect.NativeMethodAccessorImpl.invoke(Unknown Source)
     at sun.reflect.DelegatingMethodAccessorImpl.invoke(Unknown Source)
     at java.lang.reflect.Method.invoke(Unknown Source)
     at org.apache.tools.ant.dispatch.DispatchUtils.execute(DispatchUtils.java:106)
     at org.apache.tools.ant.Task.perform(Task.java:348)
     at org.apache.tools.ant.taskdefs.Sequential.execute(Sequential.java:68)
     at net.sf.antcontrib.logic.IfTask.execute(IfTask.java:197)
     at sun.reflect.NativeMethodAccessorImpl.invoke0(Native Method)
     at sun.reflect.NativeMethodAccessorImpl.invoke(Unknown Source)
     at sun.reflect.DelegatingMethodAccessorImpl.invoke(Unknown Source)
     at java.lang.reflect.Method.invoke(Unknown Source)
     at org.apache.tools.ant.dispatch.DispatchUtils.execute(DispatchUtils.java:106)
     at org.apache.tools.ant.TaskAdapter.execute(TaskAdapter.java:154)
     at org.apache.tools.ant.UnknownElement.execute(UnknownElement.java:291)
     at sun.reflect.NativeMethodAccessorImpl.invoke0(Native Method)
     at sun.reflect.NativeMethodAccessorImpl.invoke(Unknown Source)
     at sun.reflect.DelegatingMethodAccessorImpl.invoke(Unknown Source)
     at java.lang.reflect.Method.invoke(Unknown Source)
     at org.apache.tools.ant.dispatch.DispatchUtils.execute(DispatchUtils.java:106)
     at org.apache.tools.ant.Task.perform(Task.java:348)
     at org.apache.tools.ant.Target.execute(Target.java:392)
     at org.apache.tools.ant.Target.performTasks(Target.java:413)
     at org.apache.tools.ant.Project.executeSortedTargets(Project.java:1399)
     at org.apache.tools.ant.Project.executeTarget(Project.java:1368)
     at org.apache.tools.ant.helper.DefaultExecutor.executeTargets(DefaultExecutor.java:41)
     at org.apache.tools.ant.Project.executeTargets(Project.java:1251)
     at com.sencha.ant.AntScript.execute(AntScript.java:117)
     at com.sencha.command.plugin.PluginManager.execute(PluginManager.java:104)
     at com.sencha.command.plugin.PluginManager.execute(PluginManager.java:133)
     at com.sencha.command.ant.AntCommandFactory$1.execute(AntCommandFactory.java:51)
     at sun.reflect.NativeMethodAccessorImpl.invoke0(Native Method)
     at sun.reflect.NativeMethodAccessorImpl.invoke(Unknown Source)
     at sun.reflect.DelegatingMethodAccessorImpl.invoke(Unknown Source)
     at java.lang.reflect.Method.invoke(Unknown Source)
     at com.sencha.util.MethodInvoker$Arguments.invoke(MethodInvoker.java:175)
     at com.sencha.cli.Command.dispatch(Command.java:43)
     at com.sencha.cli.Commands.dispatch(Commands.java:64)
     at com.sencha.cli.Commands.dispatch(Commands.java:64)
     at com.sencha.command.Sencha.dispatch(Sencha.java:80)
     at com.sencha.command.Sencha.main(Sencha.java:151)
     at sun.reflect.NativeMethodAccessorImpl.invoke0(Native Method)
     at sun.reflect.NativeMethodAccessorImpl.invoke(Unknown Source)
     at sun.reflect.DelegatingMethodAccessorImpl.invoke(Unknown Source)
     at java.lang.reflect.Method.invoke(Unknown Source)
     at com.exe4j.runtime.LauncherEngine.launch(Unknown Source)
     at com.exe4j.runtime.WinLauncher.main(Unknown Source)
     at com.install4j.runtime.launcher.WinLauncher.main(Unknown Source)
   Caused by: shellscript returned: 1
     at org.apache.tools.ant.taskdefs.ExecTask.runExecute(ExecTask.java:646)
     at org.apache.tools.ant.taskdefs.ExecTask.runExec(ExecTask.java:672)
     at org.apache.tools.ant.taskdefs.ExecTask.execute(ExecTask.java:498)
     at net.sf.antcontrib.platform.ShellScriptTask.execute(ShellScriptTask.java:132)
     at org.apache.tools.ant.UnknownElement.execute(UnknownElement.java:291)
     at sun.reflect.GeneratedMethodAccessor20.invoke(Unknown Source)
     at sun.reflect.DelegatingMethodAccessorImpl.invoke(Unknown Source)
     at java.lang.reflect.Method.invoke(Unknown Source)
     at org.apache.tools.ant.dispatch.DispatchUtils.execute(DispatchUtils.java:106)
     at org.apache.tools.ant.Task.perform(Task.java:348)
     at org.apache.tools.ant.taskdefs.Sequential.execute(Sequential.java:68)
     at net.sf.antcontrib.logic.IfTask.execute(IfTask.java:197)
     at sun.reflect.NativeMethodAccessorImpl.invoke0(Native Method)
     at sun.reflect.NativeMethodAccessorImpl.invoke(Unknown Source)
     at sun.reflect.DelegatingMethodAccessorImpl.invoke(Unknown Source)
     at java.lang.reflect.Method.invoke(Unknown Source)
     at org.apache.tools.ant.dispatch.DispatchUtils.execute(DispatchUtils.java:106)
     at org.apache.tools.ant.TaskAdapter.execute(TaskAdapter.java:154)
     at org.apache.tools.ant.UnknownElement.execute(UnknownElement.java:291)
     at sun.reflect.GeneratedMethodAccessor20.invoke(Unknown Source)
     at sun.reflect.DelegatingMethodAccessorImpl.invoke(Unknown Source)
     at java.lang.reflect.Method.invoke(Unknown Source)
     at org.apache.tools.ant.dispatch.DispatchUtils.execute(DispatchUtils.java:106)
     at org.apache.tools.ant.Task.perform(Task.java:348)
     at org.apache.tools.ant.taskdefs.Sequential.execute(Sequential.java:68)
     at net.sf.antcontrib.logic.IfTask.execute(IfTask.java:197)
     at sun.reflect.NativeMethodAccessorImpl.invoke0(Native Method)
     at sun.reflect.NativeMethodAccessorImpl.invoke(Unknown Source)
     at sun.reflect.DelegatingMethodAccessorImpl.invoke(Unknown Source)
     at java.lang.reflect.Method.invoke(Unknown Source)
     at org.apache.tools.ant.dispatch.DispatchUtils.execute(DispatchUtils.java:106)
     at org.apache.tools.ant.TaskAdapter.execute(TaskAdapter.java:154)
     at org.apache.tools.ant.UnknownElement.execute(UnknownElement.java:291)
     at sun.reflect.GeneratedMethodAccessor20.invoke(Unknown Source)
     at sun.reflect.DelegatingMethodAccessorImpl.invoke(Unknown Source)
     at java.lang.reflect.Method.invoke(Unknown Source)
     at org.apache.tools.ant.dispatch.DispatchUtils.execute(DispatchUtils.java:106)
     at org.apache.tools.ant.Task.perform(Task.java:348)
     at org.apache.tools.ant.taskdefs.Sequential.execute(Sequential.java:68)
     at org.apache.tools.ant.UnknownElement.execute(UnknownElement.java:291)
     at sun.reflect.GeneratedMethodAccessor20.invoke(Unknown Source)
     at sun.reflect.DelegatingMethodAccessorImpl.invoke(Unknown Source)
     at java.lang.reflect.Method.invoke(Unknown Source)
     at org.apache.tools.ant.dispatch.DispatchUtils.execute(DispatchUtils.java:106)
     at org.apache.tools.ant.Task.perform(Task.java:348)
     at org.apache.tools.ant.taskdefs.MacroInstance.execute(MacroInstance.java:398)
     at org.apache.tools.ant.UnknownElement.execute(UnknownElement.java:291)
     at sun.reflect.GeneratedMethodAccessor20.invoke(Unknown Source)
     at sun.reflect.DelegatingMethodAccessorImpl.invoke(Unknown Source)
     at java.lang.reflect.Method.invoke(Unknown Source)
     at org.apache.tools.ant.dispatch.DispatchUtils.execute(DispatchUtils.java:106)
     at org.apache.tools.ant.Task.perform(Task.java:348)
     at org.apache.tools.ant.Target.execute(Target.java:392)
     at org.apache.tools.ant.Target.performTasks(Target.java:413)
     at org.apache.tools.ant.Project.executeSortedTargets(Project.java:1399)
     at org.apache.tools.ant.helper.SingleCheckExecutor.executeTargets(SingleCheckExecutor.java:38)
     at org.apache.tools.ant.Project.executeTargets(Project.java:1251)
     at org.apache.tools.ant.taskdefs.Ant.execute(Ant.java:442)
     at org.apache.tools.ant.taskdefs.CallTarget.execute(CallTarget.java:105)
     at com.sencha.ant.CallTask.execute(CallTask.java:137)
     at org.apache.tools.ant.UnknownElement.execute(UnknownElement.java:291)
     at sun.reflect.NativeMethodAccessorImpl.invoke0(Native Method)
     at sun.reflect.NativeMethodAccessorImpl.invoke(Unknown Source)
     at sun.reflect.DelegatingMethodAccessorImpl.invoke(Unknown Source)
     at java.lang.reflect.Method.invoke(Unknown Source)
     at org.apache.tools.ant.dispatch.DispatchUtils.execute(DispatchUtils.java:106)
     at org.apache.tools.ant.Task.perform(Task.java:348)
     at org.apache.tools.ant.taskdefs.Sequential.execute(Sequential.java:68)
     at net.sf.antcontrib.logic.IfTask.execute(IfTask.java:217)
     at sun.reflect.NativeMethodAccessorImpl.invoke0(Native Method)
     at sun.reflect.NativeMethodAccessorImpl.invoke(Unknown Source)
     at sun.reflect.DelegatingMethodAccessorImpl.invoke(Unknown Source)
     at java.lang.reflect.Method.invoke(Unknown Source)
     at org.apache.tools.ant.dispatch.DispatchUtils.execute(DispatchUtils.java:106)
     at org.apache.tools.ant.TaskAdapter.execute(TaskAdapter.java:154)
     at org.apache.tools.ant.UnknownElement.execute(UnknownElement.java:291)
     at sun.reflect.NativeMethodAccessorImpl.invoke0(Native Method)
     at sun.reflect.NativeMethodAccessorImpl.invoke(Unknown Source)
     at sun.reflect.DelegatingMethodAccessorImpl.invoke(Unknown Source)
     at java.lang.reflect.Method.invoke(Unknown Source)
     at org.apache.tools.ant.dispatch.DispatchUtils.execute(DispatchUtils.java:106)
     at org.apache.tools.ant.Task.perform(Task.java:348)
     at org.apache.tools.ant.taskdefs.Sequential.execute(Sequential.java:68)
     at net.sf.antcontrib.logic.IfTask.execute(IfTask.java:217)
     at sun.reflect.NativeMethodAccessorImpl.invoke0(Native Method)
     at sun.reflect.NativeMethodAccessorImpl.invoke(Unknown Source)
     at sun.reflect.DelegatingMethodAccessorImpl.invoke(Unknown Source)
     at java.lang.reflect.Method.invoke(Unknown Source)
     at org.apache.tools.ant.dispatch.DispatchUtils.execute(DispatchUtils.java:106)
     at org.apache.tools.ant.TaskAdapter.execute(TaskAdapter.java:154)
     at org.apache.tools.ant.UnknownElement.execute(UnknownElement.java:291)
     at sun.reflect.NativeMethodAccessorImpl.invoke0(Native Method)
     at sun.reflect.NativeMethodAccessorImpl.invoke(Unknown Source)
     at sun.reflect.DelegatingMethodAccessorImpl.invoke(Unknown Source)
     at java.lang.reflect.Method.invoke(Unknown Source)
     at org.apache.tools.ant.dispatch.DispatchUtils.execute(DispatchUtils.java:106)
     at org.apache.tools.ant.Task.perform(Task.java:348)
     at org.apache.tools.ant.taskdefs.Sequential.execute(Sequential.java:68)
     at net.sf.antcontrib.logic.IfTask.execute(IfTask.java:197)
     at sun.reflect.NativeMethodAccessorImpl.invoke0(Native Method)
     at sun.reflect.NativeMethodAccessorImpl.invoke(Unknown Source)
     at sun.reflect.DelegatingMethodAccessorImpl.invoke(Unknown Source)
     at java.lang.reflect.Method.invoke(Unknown Source)
     at org.apache.tools.ant.dispatch.DispatchUtils.execute(DispatchUtils.java:106)
     at org.apache.tools.ant.TaskAdapter.execute(TaskAdapter.java:154)
     at org.apache.tools.ant.UnknownElement.execute(UnknownElement.java:291)
     at sun.reflect.NativeMethodAccessorImpl.invoke0(Native Method)
     at sun.reflect.NativeMethodAccessorImpl.invoke(Unknown Source)
     at sun.reflect.DelegatingMethodAccessorImpl.invoke(Unknown Source)
     at java.lang.reflect.Method.invoke(Unknown Source)
     at org.apache.tools.ant.dispatch.DispatchUtils.execute(DispatchUtils.java:106)
     at org.apache.tools.ant.Task.perform(Task.java:348)
     at org.apache.tools.ant.Target.execute(Target.java:392)
     at org.apache.tools.ant.Target.performTasks(Target.java:413)
     at org.apache.tools.ant.Project.executeSortedTargets(Project.java:1399)
     at org.apache.tools.ant.Project.executeTarget(Project.java:1368)
     at org.apache.tools.ant.helper.DefaultExecutor.executeTargets(DefaultExecutor.java:41)
     at org.apache.tools.ant.Project.executeTargets(Project.java:1251)
     at com.sencha.ant.AntScript.execute(AntScript.java:117)
     at com.sencha.command.plugin.PluginManager.execute(PluginManager.java:104)
     at com.sencha.command.plugin.PluginManager.execute(PluginManager.java:133)
     at com.sencha.command.ant.AntCommandFactory$1.execute(AntCommandFactory.java:51)
     at sun.reflect.NativeMethodAccessorImpl.invoke0(Native Method)
     at sun.reflect.NativeMethodAccessorImpl.invoke(Unknown Source)
     at sun.reflect.DelegatingMethodAccessorImpl.invoke(Unknown Source)
     at java.lang.reflect.Method.invoke(Unknown Source)
     at com.sencha.util.MethodInvoker$Arguments.invoke(MethodInvoker.java:175)
     at com.sencha.cli.Command.dispatch(Command.java:43)
     at com.sencha.cli.Commands.dispatch(Commands.java:64)
     at com.sencha.cli.Commands.dispatch(Commands.java:64)
     at com.sencha.command.Sencha.dispatch(Sencha.java:80)
     at com.sencha.command.Sencha.main(Sencha.java:151)
     at sun.reflect.NativeMethodAccessorImpl.invoke0(Native Method)
     at sun.reflect.NativeMethodAccessorImpl.invoke(Unknown Source)
     at sun.reflect.DelegatingMethodAccessorImpl.invoke(Unknown Source)
     at java.lang.reflect.Method.invoke(Unknown Source)
     at com.exe4j.runtime.LauncherEngine.launch(Unknown Source)
     at com.exe4j.runtime.WinLauncher.main(Unknown Source)
     at com.install4j.runtime.launcher.WinLauncher.main(Unknown Source)

